<annotation>
	<folder>TestImages</folder>
	<filename>test-1.pgm</filename>
	<path>E:\opencv学习\CarData\CarData\TestImages\test-1.pgm</path>
	<source>
		<database>Unknown</database>
	</source>
	<size>
		<width>275</width>
		<height>137</height>
		<depth>1</depth>
	</size>
	<segmented>0</segmented>
	<object>
		<name>car</name>
		<pose>Unspecified</pose>
		<truncated>0</truncated>
		<difficult>0</difficult>
		<bndbox>
			<xmin>127</xmin>
			<ymin>58</ymin>
			<xmax>243</xmax>
			<ymax>111</ymax>
		</bndbox>
	</object>
	<object>
		<name>car</name>
		<pose>Unspecified</pose>
		<truncated>0</truncated>
		<difficult>0</difficult>
		<bndbox>
			<xmin>21</xmin>
			<ymin>51</ymin>
			<xmax>114</xmax>
			<ymax>111</ymax>
		</bndbox>
	</object>
</annotation>
